0 info it worked if it ends with ok
1 verbose cli [ '/usr/local/bin/node', '/usr/local/bin/npm', 'run', 'dev' ]
2 info using npm@3.10.10
3 info using node@v8.11.1
4 verbose run-script [ 'predev', 'dev', 'postdev' ]
5 info lifecycle hello-next@1.0.0~predev: hello-next@1.0.0
6 silly lifecycle hello-next@1.0.0~predev: no script for predev, continuing
7 info lifecycle hello-next@1.0.0~dev: hello-next@1.0.0
8 verbose lifecycle hello-next@1.0.0~dev: unsafe-perm in lifecycle true
9 verbose lifecycle hello-next@1.0.0~dev: PATH: /usr/local/lib/node_modules/npm/bin/node-gyp-bin:/Users/andrewleavitt/workspace/hello-next/node_modules/.bin:/Users/andrewleavitt/.rvm/gems/ruby-2.3.3@global/bin:/Users/andrewleavitt/.rvm/rubies/ruby-2.3.3/bin:/usr/local/opt/python/libexec/bin:/usr/local/opt/gnupg/libexec/gpgbin:/usr/local/bin:/usr/bin:/bin:/usr/sbin:/sbin:~/workspace/go/bin:/usr/local/share/dotnet:~/.dotnet/tools:/Library/Frameworks/Mono.framework/Versions/Current/Commands:/Applications/Xamarin Workbooks.app/Contents/SharedSupport/path-bin:/Users/andrewleavitt/.rvm/bin:~/workspace/blackbox/bin:/usr/local/sbin
10 verbose lifecycle hello-next@1.0.0~dev: CWD: /Users/andrewleavitt/workspace/hello-next
11 silly lifecycle hello-next@1.0.0~dev: Args: [ '-c', 'next' ]
12 silly lifecycle hello-next@1.0.0~dev: Returned: code: 1  signal: null
13 info lifecycle hello-next@1.0.0~dev: Failed to exec dev script
14 verbose stack Error: hello-next@1.0.0 dev: `next`
14 verbose stack Exit status 1
14 verbose stack     at EventEmitter.<anonymous> (/usr/local/lib/node_modules/npm/lib/utils/lifecycle.js:255:16)
14 verbose stack     at emitTwo (events.js:126:13)
14 verbose stack     at EventEmitter.emit (events.js:214:7)
14 verbose stack     at ChildProcess.<anonymous> (/usr/local/lib/node_modules/npm/lib/utils/spawn.js:40:14)
14 verbose stack     at emitTwo (events.js:126:13)
14 verbose stack     at ChildProcess.emit (events.js:214:7)
14 verbose stack     at maybeClose (internal/child_process.js:925:16)
14 verbose stack     at Process.ChildProcess._handle.onexit (internal/child_process.js:209:5)
15 verbose pkgid hello-next@1.0.0
16 verbose cwd /Users/andrewleavitt/workspace/hello-next
17 error Darwin 18.7.0
18 error argv "/usr/local/bin/node" "/usr/local/bin/npm" "run" "dev"
19 error node v8.11.1
20 error npm  v3.10.10
21 error code ELIFECYCLE
22 error hello-next@1.0.0 dev: `next`
22 error Exit status 1
23 error Failed at the hello-next@1.0.0 dev script 'next'.
23 error Make sure you have the latest version of node.js and npm installed.
23 error If you do, this is most likely a problem with the hello-next package,
23 error not with npm itself.
23 error Tell the author that this fails on your system:
23 error     next
23 error You can get information on how to open an issue for this project with:
23 error     npm bugs hello-next
23 error Or if that isn't available, you can get their info via:
23 error     npm owner ls hello-next
23 error There is likely additional logging output above.
24 verbose exit [ 1, true ]
